<?xml version="1.0" encoding="utf-8"?>
<coverage line-rate="0.1724" branch-rate="0.23329999999999998" version="1.9" timestamp="1765360450" lines-covered="438" lines-valid="2540" branches-covered="21" branches-valid="90">
  <sources>
    <source>C:\Users\bvant\Downloads\GIT\veiling\Veiling.Server\</source>
  </sources>
  <packages>
    <package name="Veiling.Server" line-rate="0.1724" branch-rate="0.23329999999999998" complexity="234">
      <classes>
        <class name="KavelLeverancier" filename="Data\KavelLeverancier.cs" line-rate="0" branch-rate="1" complexity="3">
          <methods>
            <method name="get_Kavel" signature="()" line-rate="0" branch-rate="1" complexity="1">
              <lines>
                <line number="4" hits="0" branch="False" />
              </lines>
            </method>
            <method name="get_Leverancier" signature="()" line-rate="0" branch-rate="1" complexity="1">
              <lines>
                <line number="5" hits="0" branch="False" />
              </lines>
            </method>
            <method name=".ctor" signature="(Veiling.Server.Models.Kavel,Veiling.Server.Models.Leverancier)" line-rate="0" branch-rate="1" complexity="1">
              <lines>
                <line number="7" hits="0" branch="False" />
                <line number="8" hits="0" branch="False" />
                <line number="9" hits="0" branch="False" />
                <line number="10" hits="0" branch="False" />
              </lines>
            </method>
          </methods>
          <lines>
            <line number="4" hits="0" branch="False" />
            <line number="5" hits="0" branch="False" />
            <line number="7" hits="0" branch="False" />
            <line number="8" hits="0" branch="False" />
            <line number="9" hits="0" branch="False" />
            <line number="10" hits="0" branch="False" />
          </lines>
        </class>
        <class name="Program/&lt;&lt;&lt;Main&gt;$&gt;g__SeedRoles|0_1&gt;d" filename="Program.cs" line-rate="0" branch-rate="0" complexity="4">
          <methods>
            <method name="MoveNext" signature="()" line-rate="0" branch-rate="0" complexity="4">
              <lines>
                <line number="105" hits="0" branch="False" />
                <line number="106" hits="0" branch="False" />
                <line number="108" hits="0" branch="False" />
                <line number="110" hits="0" branch="True" condition-coverage="0% (0/2)">
                  <conditions>
                    <condition number="421" type="jump" coverage="0%" />
                  </conditions>
                </line>
                <line number="111" hits="0" branch="False" />
                <line number="112" hits="0" branch="True" condition-coverage="0% (0/2)">
                  <conditions>
                    <condition number="266" type="jump" coverage="0%" />
                  </conditions>
                </line>
                <line number="113" hits="0" branch="False" />
                <line number="114" hits="0" branch="False" />
                <line number="115" hits="0" branch="False" />
                <line number="116" hits="0" branch="False" />
                <line number="117" hits="0" branch="False" />
              </lines>
            </method>
          </methods>
          <lines>
            <line number="105" hits="0" branch="False" />
            <line number="106" hits="0" branch="False" />
            <line number="108" hits="0" branch="False" />
            <line number="110" hits="0" branch="True" condition-coverage="0% (0/2)">
              <conditions>
                <condition number="421" type="jump" coverage="0%" />
              </conditions>
            </line>
            <line number="111" hits="0" branch="False" />
            <line number="112" hits="0" branch="True" condition-coverage="0% (0/2)">
              <conditions>
                <condition number="266" type="jump" coverage="0%" />
              </conditions>
            </line>
            <line number="113" hits="0" branch="False" />
            <line number="114" hits="0" branch="False" />
            <line number="115" hits="0" branch="False" />
            <line number="116" hits="0" branch="False" />
            <line number="117" hits="0" branch="False" />
          </lines>
        </class>
        <class name="Program/&lt;&lt;Main&gt;$&gt;d__0" filename="Program.cs" line-rate="0.5846" branch-rate="0.5714" complexity="14">
          <methods>
            <method name="MoveNext" signature="()" line-rate="0.5846" branch-rate="0.5714" complexity="14">
              <lines>
                <line number="7" hits="9" branch="False" />
                <line number="9" hits="9" branch="False" />
                <line number="10" hits="9" branch="False" />
                <line number="11" hits="9" branch="False" />
                <line number="17" hits="9" branch="False" />
                <line number="18" hits="18" branch="True" condition-coverage="100% (2/2)">
                  <conditions>
                    <condition number="145" type="jump" coverage="100%" />
                  </conditions>
                </line>
                <line number="19" hits="9" branch="False" />
                <line number="20" hits="9" branch="False" />
                <line number="23" hits="9" branch="False" />
                <line number="26" hits="9" branch="False" />
                <line number="27" hits="9" branch="False" />
                <line number="28" hits="9" branch="False" />
                <line number="29" hits="9" branch="False" />
                <line number="30" hits="9" branch="False" />
                <line number="31" hits="18" branch="True" condition-coverage="75% (3/4)">
                  <conditions>
                    <condition number="307" type="jump" coverage="50%" />
                    <condition number="323" type="jump" coverage="100%" />
                  </conditions>
                </line>
                <line number="32" hits="9" branch="False" />
                <line number="35" hits="9" branch="False" />
                <line number="38" hits="9" branch="False" />
                <line number="39" hits="9" branch="False" />
                <line number="41" hits="9" branch="True" condition-coverage="50% (1/2)">
                  <conditions>
                    <condition number="461" type="jump" coverage="50%" />
                  </conditions>
                </line>
                <line number="42" hits="0" branch="False" />
                <line number="43" hits="0" branch="False" />
                <line number="44" hits="0" branch="False" />
                <line number="45" hits="0" branch="False" />
                <line number="48" hits="9" branch="False" />
                <line number="49" hits="9" branch="False" />
                <line number="51" hits="9" branch="False" />
                <line number="52" hits="9" branch="False" />
                <line number="53" hits="9" branch="False" />
                <line number="54" hits="9" branch="False" />
                <line number="55" hits="9" branch="False" />
                <line number="57" hits="9" branch="False" />
                <line number="58" hits="9" branch="False" />
                <line number="60" hits="9" branch="False" />
                <line number="61" hits="9" branch="False" />
                <line number="64" hits="9" branch="True" condition-coverage="50% (1/2)">
                  <conditions>
                    <condition number="665" type="jump" coverage="50%" />
                  </conditions>
                </line>
                <line number="65" hits="0" branch="False" />
                <line number="66" hits="0" branch="False" />
                <line number="67" hits="0" branch="False" />
                <line number="68" hits="0" branch="False" />
                <line number="70" hits="9" branch="False" />
                <line number="72" hits="9" branch="False" />
                <line number="74" hits="9" branch="False" />
                <line number="76" hits="9" branch="False" />
                <line number="78" hits="9" branch="True" condition-coverage="50% (1/2)">
                  <conditions>
                    <condition number="776" type="jump" coverage="50%" />
                  </conditions>
                </line>
                <line number="79" hits="0" branch="False" />
                <line number="80" hits="0" branch="False" />
                <line number="81" hits="0" branch="False" />
                <line number="82" hits="0" branch="False" />
                <line number="83" hits="0" branch="False" />
                <line number="86" hits="0" branch="False" />
                <line number="87" hits="0" branch="False" />
                <line number="88" hits="0" branch="False" />
                <line number="89" hits="0" branch="False" />
                <line number="90" hits="0" branch="False" />
                <line number="91" hits="0" branch="False" />
                <line number="92" hits="0" branch="False" />
                <line number="93" hits="0" branch="False" />
                <line number="95" hits="0" branch="True" condition-coverage="0% (0/2)">
                  <conditions>
                    <condition number="1100" type="jump" coverage="0%" />
                  </conditions>
                </line>
                <line number="96" hits="0" branch="False" />
                <line number="97" hits="0" branch="False" />
                <line number="98" hits="0" branch="False" />
                <line number="99" hits="0" branch="False" />
                <line number="100" hits="0" branch="False" />
                <line number="102" hits="9" branch="False" />
              </lines>
            </method>
          </methods>
          <lines>
            <line number="7" hits="9" branch="False" />
            <line number="9" hits="9" branch="False" />
            <line number="10" hits="9" branch="False" />
            <line number="11" hits="9" branch="False" />
            <line number="17" hits="9" branch="False" />
            <line number="18" hits="18" branch="True" condition-coverage="100% (2/2)">
              <conditions>
                <condition number="145" type="jump" coverage="100%" />
              </conditions>
            </line>
            <line number="19" hits="9" branch="False" />
            <line number="20" hits="9" branch="False" />
            <line number="23" hits="9" branch="False" />
            <line number="26" hits="9" branch="False" />
            <line number="27" hits="9" branch="False" />
            <line number="28" hits="9" branch="False" />
            <line number="29" hits="9" branch="False" />
            <line number="30" hits="9" branch="False" />
            <line number="31" hits="18" branch="True" condition-coverage="75% (3/4)">
              <conditions>
                <condition number="307" type="jump" coverage="50%" />
                <condition number="323" type="jump" coverage="100%" />
              </conditions>
            </line>
            <line number="32" hits="9" branch="False" />
            <line number="35" hits="9" branch="False" />
            <line number="38" hits="9" branch="False" />
            <line number="39" hits="9" branch="False" />
            <line number="41" hits="9" branch="True" condition-coverage="50% (1/2)">
              <conditions>
                <condition number="461" type="jump" coverage="50%" />
              </conditions>
            </line>
            <line number="42" hits="0" branch="False" />
            <line number="43" hits="0" branch="False" />
            <line number="44" hits="0" branch="False" />
            <line number="45" hits="0" branch="False" />
            <line number="48" hits="9" branch="False" />
            <line number="49" hits="9" branch="False" />
            <line number="51" hits="9" branch="False" />
            <line number="52" hits="9" branch="False" />
            <line number="53" hits="9" branch="False" />
            <line number="54" hits="9" branch="False" />
            <line number="55" hits="9" branch="False" />
            <line number="57" hits="9" branch="False" />
            <line number="58" hits="9" branch="False" />
            <line number="60" hits="9" branch="False" />
            <line number="61" hits="9" branch="False" />
            <line number="64" hits="9" branch="True" condition-coverage="50% (1/2)">
              <conditions>
                <condition number="665" type="jump" coverage="50%" />
              </conditions>
            </line>
            <line number="65" hits="0" branch="False" />
            <line number="66" hits="0" branch="False" />
            <line number="67" hits="0" branch="False" />
            <line number="68" hits="0" branch="False" />
            <line number="70" hits="9" branch="False" />
            <line number="72" hits="9" branch="False" />
            <line number="74" hits="9" branch="False" />
            <line number="76" hits="9" branch="False" />
            <line number="78" hits="9" branch="True" condition-coverage="50% (1/2)">
              <conditions>
                <condition number="776" type="jump" coverage="50%" />
              </conditions>
            </line>
            <line number="79" hits="0" branch="False" />
            <line number="80" hits="0" branch="False" />
            <line number="81" hits="0" branch="False" />
            <line number="82" hits="0" branch="False" />
            <line number="83" hits="0" branch="False" />
            <line number="86" hits="0" branch="False" />
            <line number="87" hits="0" branch="False" />
            <line number="88" hits="0" branch="False" />
            <line number="89" hits="0" branch="False" />
            <line number="90" hits="0" branch="False" />
            <line number="91" hits="0" branch="False" />
            <line number="92" hits="0" branch="False" />
            <line number="93" hits="0" branch="False" />
            <line number="95" hits="0" branch="True" condition-coverage="0% (0/2)">
              <conditions>
                <condition number="1100" type="jump" coverage="0%" />
              </conditions>
            </line>
            <line number="96" hits="0" branch="False" />
            <line number="97" hits="0" branch="False" />
            <line number="98" hits="0" branch="False" />
            <line number="99" hits="0" branch="False" />
            <line number="100" hits="0" branch="False" />
            <line number="102" hits="9" branch="False" />
          </lines>
        </class>
        <class name="Veiling.Server.AppDbContext" filename="AppDbContext.cs" line-rate="1" branch-rate="1" complexity="10">
          <methods>
            <method name="get_Bedrijven" signature="()" line-rate="1" branch-rate="1" complexity="1">
              <lines>
                <line number="15" hits="147" branch="False" />
              </lines>
            </method>
            <method name="get_Locaties" signature="()" line-rate="1" branch-rate="1" complexity="1">
              <lines>
                <line number="16" hits="117" branch="False" />
              </lines>
            </method>
            <method name="get_Gebruikers" signature="()" line-rate="1" branch-rate="1" complexity="1">
              <lines>
                <line number="17" hits="127" branch="False" />
              </lines>
            </method>
            <method name="get_Veilingmeesters" signature="()" line-rate="1" branch-rate="1" complexity="1">
              <lines>
                <line number="18" hits="119" branch="False" />
              </lines>
            </method>
            <method name="get_Leveranciers" signature="()" line-rate="1" branch-rate="1" complexity="1">
              <lines>
                <line number="19" hits="126" branch="False" />
              </lines>
            </method>
            <method name="get_Veilingen" signature="()" line-rate="1" branch-rate="1" complexity="1">
              <lines>
                <line number="20" hits="121" branch="False" />
              </lines>
            </method>
            <method name="get_Kavels" signature="()" line-rate="1" branch-rate="1" complexity="1">
              <lines>
                <line number="21" hits="127" branch="False" />
              </lines>
            </method>
            <method name="get_Boden" signature="()" line-rate="1" branch-rate="1" complexity="1">
              <lines>
                <line number="22" hits="129" branch="False" />
              </lines>
            </method>
            <method name="OnModelCreating" signature="(Microsoft.EntityFrameworkCore.ModelBuilder)" line-rate="1" branch-rate="1" complexity="1">
              <lines>
                <line number="25" hits="1" branch="False" />
                <line number="26" hits="1" branch="False" />
                <line number="28" hits="1" branch="False" />
                <line number="29" hits="1" branch="False" />
                <line number="31" hits="1" branch="False" />
                <line number="32" hits="1" branch="False" />
                <line number="33" hits="1" branch="False" />
                <line number="34" hits="1" branch="False" />
                <line number="35" hits="1" branch="False" />
                <line number="37" hits="1" branch="False" />
                <line number="38" hits="1" branch="False" />
                <line number="40" hits="1" branch="False" />
                <line number="41" hits="1" branch="False" />
                <line number="42" hits="1" branch="False" />
                <line number="43" hits="1" branch="False" />
                <line number="44" hits="1" branch="False" />
                <line number="46" hits="1" branch="False" />
                <line number="47" hits="1" branch="False" />
                <line number="49" hits="1" branch="False" />
                <line number="50" hits="1" branch="False" />
                <line number="51" hits="1" branch="False" />
                <line number="52" hits="1" branch="False" />
                <line number="53" hits="1" branch="False" />
                <line number="55" hits="1" branch="False" />
                <line number="56" hits="1" branch="False" />
                <line number="58" hits="1" branch="False" />
                <line number="59" hits="1" branch="False" />
                <line number="60" hits="1" branch="False" />
                <line number="61" hits="1" branch="False" />
                <line number="62" hits="1" branch="False" />
                <line number="64" hits="1" branch="False" />
                <line number="65" hits="1" branch="False" />
                <line number="66" hits="1" branch="False" />
                <line number="67" hits="1" branch="False" />
                <line number="68" hits="1" branch="False" />
                <line number="70" hits="1" branch="False" />
                <line number="71" hits="1" branch="False" />
                <line number="73" hits="1" branch="False" />
                <line number="74" hits="1" branch="False" />
                <line number="75" hits="1" branch="False" />
                <line number="76" hits="1" branch="False" />
                <line number="77" hits="1" branch="False" />
                <line number="79" hits="1" branch="False" />
                <line number="80" hits="1" branch="False" />
                <line number="82" hits="1" branch="False" />
                <line number="83" hits="1" branch="False" />
                <line number="84" hits="1" branch="False" />
                <line number="85" hits="1" branch="False" />
                <line number="86" hits="1" branch="False" />
                <line number="88" hits="1" branch="False" />
                <line number="89" hits="1" branch="False" />
                <line number="91" hits="1" branch="False" />
                <line number="92" hits="1" branch="False" />
                <line number="94" hits="1" branch="False" />
                <line number="95" hits="1" branch="False" />
                <line number="96" hits="1" branch="False" />
                <line number="97" hits="1" branch="False" />
                <line number="98" hits="1" branch="False" />
                <line number="100" hits="1" branch="False" />
              </lines>
            </method>
            <method name=".ctor" signature="(Microsoft.EntityFrameworkCore.DbContextOptions`1&lt;Veiling.Server.AppDbContext&gt;)" line-rate="1" branch-rate="1" complexity="1">
              <lines>
                <line number="10" hits="114" branch="False" />
                <line number="11" hits="114" branch="False" />
                <line number="12" hits="114" branch="False" />
              </lines>
            </method>
          </methods>
          <lines>
            <line number="15" hits="147" branch="False" />
            <line number="16" hits="117" branch="False" />
            <line number="17" hits="127" branch="False" />
            <line number="18" hits="119" branch="False" />
            <line number="19" hits="126" branch="False" />
            <line number="20" hits="121" branch="False" />
            <line number="21" hits="127" branch="False" />
            <line number="22" hits="129" branch="False" />
            <line number="25" hits="1" branch="False" />
            <line number="26" hits="1" branch="False" />
            <line number="28" hits="1" branch="False" />
            <line number="29" hits="1" branch="False" />
            <line number="31" hits="1" branch="False" />
            <line number="32" hits="1" branch="False" />
            <line number="33" hits="1" branch="False" />
            <line number="34" hits="1" branch="False" />
            <line number="35" hits="1" branch="False" />
            <line number="37" hits="1" branch="False" />
            <line number="38" hits="1" branch="False" />
            <line number="40" hits="1" branch="False" />
            <line number="41" hits="1" branch="False" />
            <line number="42" hits="1" branch="False" />
            <line number="43" hits="1" branch="False" />
            <line number="44" hits="1" branch="False" />
            <line number="46" hits="1" branch="False" />
            <line number="47" hits="1" branch="False" />
            <line number="49" hits="1" branch="False" />
            <line number="50" hits="1" branch="False" />
            <line number="51" hits="1" branch="False" />
            <line number="52" hits="1" branch="False" />
            <line number="53" hits="1" branch="False" />
            <line number="55" hits="1" branch="False" />
            <line number="56" hits="1" branch="False" />
            <line number="58" hits="1" branch="False" />
            <line number="59" hits="1" branch="False" />
            <line number="60" hits="1" branch="False" />
            <line number="61" hits="1" branch="False" />
            <line number="62" hits="1" branch="False" />
            <line number="64" hits="1" branch="False" />
            <line number="65" hits="1" branch="False" />
            <line number="66" hits="1" branch="False" />
            <line number="67" hits="1" branch="False" />
            <line number="68" hits="1" branch="False" />
            <line number="70" hits="1" branch="False" />
            <line number="71" hits="1" branch="False" />
            <line number="73" hits="1" branch="False" />
            <line number="74" hits="1" branch="False" />
            <line number="75" hits="1" branch="False" />
            <line number="76" hits="1" branch="False" />
            <line number="77" hits="1" branch="False" />
            <line number="79" hits="1" branch="False" />
            <line number="80" hits="1" branch="False" />
            <line number="82" hits="1" branch="False" />
            <line number="83" hits="1" branch="False" />
            <line number="84" hits="1" branch="False" />
            <line number="85" hits="1" branch="False" />
            <line number="86" hits="1" branch="False" />
            <line number="88" hits="1" branch="False" />
            <line number="89" hits="1" branch="False" />
            <line number="91" hits="1" branch="False" />
            <line number="92" hits="1" branch="False" />
            <line number="94" hits="1" branch="False" />
            <line number="95" hits="1" branch="False" />
            <line number="96" hits="1" branch="False" />
            <line number="97" hits="1" branch="False" />
            <line number="98" hits="1" branch="False" />
            <line number="100" hits="1" branch="False" />
            <line number="10" hits="114" branch="False" />
            <line number="11" hits="114" branch="False" />
            <line number="12" hits="114" branch="False" />
          </lines>
        </class>
        <class name="Veiling.Server.AppDbContext/&lt;SaveChangesAsync&gt;d__34" filename="AppDbContext.cs" line-rate="1" branch-rate="1" complexity="1">
          <methods>
            <method name="MoveNext" signature="()" line-rate="1" branch-rate="1" complexity="1">
              <lines>
                <line number="102" hits="81" branch="False" />
                <line number="103" hits="81" branch="False" />
                <line number="104" hits="81" branch="False" />
              </lines>
            </method>
          </methods>
          <lines>
            <line number="102" hits="81" branch="False" />
            <line number="103" hits="81" branch="False" />
            <line number="104" hits="81" branch="False" />
          </lines>
        </class>
        <class name="Veiling.Server.AppDbSeeder" filename="AppDbSeeder.cs" line-rate="0" branch-rate="1" complexity="1">
          <methods>
            <method name="Seed" signature="(Veiling.Server.AppDbContext)" line-rate="0" branch-rate="1" complexity="1">
              <lines>
                <line number="9" hits="0" branch="False" />
                <line number="11" hits="0" branch="False" />
                <line number="12" hits="0" branch="False" />
                <line number="14" hits="0" branch="False" />
                <line number="17" hits="0" branch="False" />
                <line number="18" hits="0" branch="False" />
                <line number="19" hits="0" branch="False" />
                <line number="20" hits="0" branch="False" />
                <line number="21" hits="0" branch="False" />
                <line number="22" hits="0" branch="False" />
                <line number="24" hits="0" branch="False" />
                <line number="25" hits="0" branch="False" />
                <line number="26" hits="0" branch="False" />
                <line number="27" hits="0" branch="False" />
                <line number="28" hits="0" branch="False" />
                <line number="29" hits="0" branch="False" />
                <line number="31" hits="0" branch="False" />
                <line number="32" hits="0" branch="False" />
                <line number="33" hits="0" branch="False" />
                <line number="34" hits="0" branch="False" />
                <line number="35" hits="0" branch="False" />
                <line number="36" hits="0" branch="False" />
                <line number="38" hits="0" branch="False" />
                <line number="39" hits="0" branch="False" />
                <line number="42" hits="0" branch="False" />
                <line number="43" hits="0" branch="False" />
                <line number="44" hits="0" branch="False" />
                <line number="45" hits="0" branch="False" />
                <line number="46" hits="0" branch="False" />
                <line number="48" hits="0" branch="False" />
                <line number="49" hits="0" branch="False" />
                <line number="50" hits="0" branch="False" />
                <line number="51" hits="0" branch="False" />
                <line number="52" hits="0" branch="False" />
                <line number="54" hits="0" branch="False" />
                <line number="55" hits="0" branch="False" />
                <line number="58" hits="0" branch="False" />
                <line number="59" hits="0" branch="False" />
                <line number="60" hits="0" branch="False" />
                <line number="61" hits="0" branch="False" />
                <line number="62" hits="0" branch="False" />
                <line number="63" hits="0" branch="False" />
                <line number="64" hits="0" branch="False" />
                <line number="65" hits="0" branch="False" />
                <line number="66" hits="0" branch="False" />
                <line number="68" hits="0" branch="False" />
                <line number="69" hits="0" branch="False" />
                <line number="70" hits="0" branch="False" />
                <line number="71" hits="0" branch="False" />
                <line number="72" hits="0" branch="False" />
                <line number="73" hits="0" branch="False" />
                <line number="74" hits="0" branch="False" />
                <line number="75" hits="0" branch="False" />
                <line number="76" hits="0" branch="False" />
                <line number="78" hits="0" branch="False" />
                <line number="79" hits="0" branch="False" />
                <line number="82" hits="0" branch="False" />
                <line number="83" hits="0" branch="False" />
                <line number="84" hits="0" branch="False" />
                <line number="85" hits="0" branch="False" />
                <line number="86" hits="0" branch="False" />
                <line number="88" hits="0" branch="False" />
                <line number="89" hits="0" branch="False" />
                <line number="92" hits="0" branch="False" />
                <line number="93" hits="0" branch="False" />
                <line number="94" hits="0" branch="False" />
                <line number="95" hits="0" branch="False" />
                <line number="96" hits="0" branch="False" />
                <line number="97" hits="0" branch="False" />
                <line number="99" hits="0" branch="False" />
                <line number="100" hits="0" branch="False" />
                <line number="103" hits="0" branch="False" />
                <line number="104" hits="0" branch="False" />
                <line number="105" hits="0" branch="False" />
                <line number="106" hits="0" branch="False" />
                <line number="107" hits="0" branch="False" />
                <line number="108" hits="0" branch="False" />
                <line number="109" hits="0" branch="False" />
                <line number="110" hits="0" branch="False" />
                <line number="111" hits="0" branch="False" />
                <line number="112" hits="0" branch="False" />
                <line number="114" hits="0" branch="False" />
                <line number="115" hits="0" branch="False" />
                <line number="116" hits="0" branch="False" />
                <line number="117" hits="0" branch="False" />
                <line number="118" hits="0" branch="False" />
                <line number="119" hits="0" branch="False" />
                <line number="120" hits="0" branch="False" />
                <line number="121" hits="0" branch="False" />
                <line number="122" hits="0" branch="False" />
                <line number="123" hits="0" branch="False" />
                <line number="125" hits="0" branch="False" />
                <line number="126" hits="0" branch="False" />
                <line number="127" hits="0" branch="False" />
                <line number="128" hits="0" branch="False" />
                <line number="129" hits="0" branch="False" />
                <line number="130" hits="0" branch="False" />
                <line number="131" hits="0" branch="False" />
                <line number="132" hits="0" branch="False" />
                <line number="133" hits="0" branch="False" />
                <line number="134" hits="0" branch="False" />
                <line number="136" hits="0" branch="False" />
                <line number="137" hits="0" branch="False" />
                <line number="140" hits="0" branch="False" />
                <line number="141" hits="0" branch="False" />
                <line number="142" hits="0" branch="False" />
                <line number="143" hits="0" branch="False" />
                <line number="144" hits="0" branch="False" />
                <line number="145" hits="0" branch="False" />
                <line number="146" hits="0" branch="False" />
                <line number="147" hits="0" branch="False" />
                <line number="148" hits="0" branch="False" />
                <line number="149" hits="0" branch="False" />
                <line number="150" hits="0" branch="False" />
                <line number="151" hits="0" branch="False" />
                <line number="152" hits="0" branch="False" />
                <line number="153" hits="0" branch="False" />
                <line number="154" hits="0" branch="False" />
                <line number="155" hits="0" branch="False" />
                <line number="156" hits="0" branch="False" />
                <line number="157" hits="0" branch="False" />
                <line number="158" hits="0" branch="False" />
                <line number="159" hits="0" branch="False" />
                <line number="160" hits="0" branch="False" />
                <line number="161" hits="0" branch="False" />
                <line number="162" hits="0" branch="False" />
                <line number="163" hits="0" branch="False" />
                <line number="165" hits="0" branch="False" />
                <line number="166" hits="0" branch="False" />
                <line number="168" hits="0" branch="False" />
                <line number="169" hits="0" branch="False" />
                <line number="170" hits="0" branch="False" />
                <line number="171" hits="0" branch="False" />
                <line number="172" hits="0" branch="False" />
                <line number="173" hits="0" branch="False" />
              </lines>
            </method>
          </methods>
          <lines>
            <line number="9" hits="0" branch="False" />
            <line number="11" hits="0" branch="False" />
            <line number="12" hits="0" branch="False" />
            <line number="14" hits="0" branch="False" />
            <line number="17" hits="0" branch="False" />
            <line number="18" hits="0" branch="False" />
            <line number="19" hits="0" branch="False" />
            <line number="20" hits="0" branch="False" />
            <line number="21" hits="0" branch="False" />
            <line number="22" hits="0" branch="False" />
            <line number="24" hits="0" branch="False" />
            <line number="25" hits="0" branch="False" />
            <line number="26" hits="0" branch="False" />
            <line number="27" hits="0" branch="False" />
            <line number="28" hits="0" branch="False" />
            <line number="29" hits="0" branch="False" />
            <line number="31" hits="0" branch="False" />
            <line number="32" hits="0" branch="False" />
            <line number="33" hits="0" branch="False" />
            <line number="34" hits="0" branch="False" />
            <line number="35" hits="0" branch="False" />
            <line number="36" hits="0" branch="False" />
            <line number="38" hits="0" branch="False" />
            <line number="39" hits="0" branch="False" />
            <line number="42" hits="0" branch="False" />
            <line number="43" hits="0" branch="False" />
            <line number="44" hits="0" branch="False" />
            <line number="45" hits="0" branch="False" />
            <line number="46" hits="0" branch="False" />
            <line number="48" hits="0" branch="False" />
            <line number="49" hits="0" branch="False" />
            <line number="50" hits="0" branch="False" />
            <line number="51" hits="0" branch="False" />
            <line number="52" hits="0" branch="False" />
            <line number="54" hits="0" branch="False" />
            <line number="55" hits="0" branch="False" />
            <line number="58" hits="0" branch="False" />
            <line number="59" hits="0" branch="False" />
            <line number="60" hits="0" branch="False" />
            <line number="61" hits="0" branch="False" />
            <line number="62" hits="0" branch="False" />
            <line number="63" hits="0" branch="False" />
            <line number="64" hits="0" branch="False" />
            <line number="65" hits="0" branch="False" />
            <line number="66" hits="0" branch="False" />
            <line number="68" hits="0" branch="False" />
            <line number="69" hits="0" branch="False" />
            <line number="70" hits="0" branch="False" />
            <line number="71" hits="0" branch="False" />
            <line number="72" hits="0" branch="False" />
            <line number="73" hits="0" branch="False" />
            <line number="74" hits="0" branch="False" />
            <line number="75" hits="0" branch="False" />
            <line number="76" hits="0" branch="False" />
            <line number="78" hits="0" branch="False" />
            <line number="79" hits="0" branch="False" />
            <line number="82" hits="0" branch="False" />
            <line number="83" hits="0" branch="False" />
            <line number="84" hits="0" branch="False" />
            <line number="85" hits="0" branch="False" />
            <line number="86" hits="0" branch="False" />
            <line number="88" hits="0" branch="False" />
            <line number="89" hits="0" branch="False" />
            <line number="92" hits="0" branch="False" />
            <line number="93" hits="0" branch="False" />
            <line number="94" hits="0" branch="False" />
            <line number="95" hits="0" branch="False" />
            <line number="96" hits="0" branch="False" />
            <line number="97" hits="0" branch="False" />
            <line number="99" hits="0" branch="False" />
            <line number="100" hits="0" branch="False" />
            <line number="103" hits="0" branch="False" />
            <line number="104" hits="0" branch="False" />
            <line number="105" hits="0" branch="False" />
            <line number="106" hits="0" branch="False" />
            <line number="107" hits="0" branch="False" />
            <line number="108" hits="0" branch="False" />
            <line number="109" hits="0" branch="False" />
            <line number="110" hits="0" branch="False" />
            <line number="111" hits="0" branch="False" />
            <line number="112" hits="0" branch="False" />
            <line number="114" hits="0" branch="False" />
            <line number="115" hits="0" branch="False" />
            <line number="116" hits="0" branch="False" />
            <line number="117" hits="0" branch="False" />
            <line number="118" hits="0" branch="False" />
            <line number="119" hits="0" branch="False" />
            <line number="120" hits="0" branch="False" />
            <line number="121" hits="0" branch="False" />
            <line number="122" hits="0" branch="False" />
            <line number="123" hits="0" branch="False" />
            <line number="125" hits="0" branch="False" />
            <line number="126" hits="0" branch="False" />
            <line number="127" hits="0" branch="False" />
            <line number="128" hits="0" branch="False" />
            <line number="129" hits="0" branch="False" />
            <line number="130" hits="0" branch="False" />
            <line number="131" hits="0" branch="False" />
            <line number="132" hits="0" branch="False" />
            <line number="133" hits="0" branch="False" />
            <line number="134" hits="0" branch="False" />
            <line number="136" hits="0" branch="False" />
            <line number="137" hits="0" branch="False" />
            <line number="140" hits="0" branch="False" />
            <line number="141" hits="0" branch="False" />
            <line number="142" hits="0" branch="False" />
            <line number="143" hits="0" branch="False" />
            <line number="144" hits="0" branch="False" />
            <line number="145" hits="0" branch="False" />
            <line number="146" hits="0" branch="False" />
            <line number="147" hits="0" branch="False" />
            <line number="148" hits="0" branch="False" />
            <line number="149" hits="0" branch="False" />
            <line number="150" hits="0" branch="False" />
            <line number="151" hits="0" branch="False" />
            <line number="152" hits="0" branch="False" />
            <line number="153" hits="0" branch="False" />
            <line number="154" hits="0" branch="False" />
            <line number="155" hits="0" branch="False" />
            <line number="156" hits="0" branch="False" />
            <line number="157" hits="0" branch="False" />
            <line number="158" hits="0" branch="False" />
            <line number="159" hits="0" branch="False" />
            <line number="160" hits="0" branch="False" />
            <line number="161" hits="0" branch="False" />
            <line number="162" hits="0" branch="False" />
            <line number="163" hits="0" branch="False" />
            <line number="165" hits="0" branch="False" />
            <line number="166" hits="0" branch="False" />
            <line number="168" hits="0" branch="False" />
            <line number="169" hits="0" branch="False" />
            <line number="170" hits="0" branch="False" />
            <line number="171" hits="0" branch="False" />
            <line number="172" hits="0" branch="False" />
            <line number="173" hits="0" branch="False" />
          </lines>
        </class>
        <class name="Veiling.Server.WeatherForecast" filename="WeatherForecast.cs" line-rate="1" branch-rate="1" complexity="4">
          <methods>
            <method name="get_Date" signature="()" line-rate="1" branch-rate="1" complexity="1">
              <lines>
                <line number="5" hits="10" branch="False" />
              </lines>
            </method>
            <method name="get_TemperatureC" signature="()" line-rate="1" branch-rate="1" complexity="1">
              <lines>
                <line number="7" hits="15" branch="False" />
              </lines>
            </method>
            <method name="get_TemperatureF" signature="()" line-rate="1" branch-rate="1" complexity="1">
              <lines>
                <line number="9" hits="5" branch="False" />
              </lines>
            </method>
            <method name="get_Summary" signature="()" line-rate="1" branch-rate="1" complexity="1">
              <lines>
                <line number="11" hits="10" branch="False" />
              </lines>
            </method>
          </methods>
          <lines>
            <line number="5" hits="10" branch="False" />
            <line number="7" hits="15" branch="False" />
            <line number="9" hits="5" branch="False" />
            <line number="11" hits="10" branch="False" />
          </lines>
        </class>
        <class name="Veiling.Server.Models.Bedrijf" filename="Models\Bedrijf.cs" line-rate="1" branch-rate="1" complexity="4">
          <methods>
            <method name="get_Bedrijfscode" signature="()" line-rate="1" branch-rate="1" complexity="1">
              <lines>
                <line number="7" hits="293" branch="False" />
              </lines>
            </method>
            <method name="get_Bedrijfsnaam" signature="()" line-rate="1" branch-rate="1" complexity="1">
              <lines>
                <line number="8" hits="409" branch="False" />
              </lines>
            </method>
            <method name="get_KVKnummer" signature="()" line-rate="1" branch-rate="1" complexity="1">
              <lines>
                <line number="9" hits="231" branch="False" />
              </lines>
            </method>
            <method name="get_Gebruikers" signature="()" line-rate="1" branch-rate="1" complexity="1">
              <lines>
                <line number="13" hits="175" branch="False" />
              </lines>
            </method>
          </methods>
          <lines>
            <line number="7" hits="293" branch="False" />
            <line number="8" hits="409" branch="False" />
            <line number="9" hits="231" branch="False" />
            <line number="13" hits="175" branch="False" />
          </lines>
        </class>
        <class name="Veiling.Server.Models.Bod" filename="Models\Bod.cs" line-rate="1" branch-rate="1" complexity="9">
          <methods>
            <method name="get_Id" signature="()" line-rate="1" branch-rate="1" complexity="1">
              <lines>
                <line number="5" hits="72" branch="False" />
              </lines>
            </method>
            <method name="get_Datumtijd" signature="()" line-rate="1" branch-rate="1" complexity="1">
              <lines>
                <line number="6" hits="84" branch="False" />
              </lines>
            </method>
            <method name="get_HoeveelheidContainers" signature="()" line-rate="1" branch-rate="1" complexity="1">
              <lines>
                <line number="7" hits="73" branch="False" />
              </lines>
            </method>
            <method name="get_Koopprijs" signature="()" line-rate="1" branch-rate="1" complexity="1">
              <lines>
                <line number="8" hits="83" branch="False" />
              </lines>
            </method>
            <method name="get_Betaald" signature="()" line-rate="1" branch-rate="1" complexity="1">
              <lines>
                <line number="9" hits="72" branch="False" />
              </lines>
            </method>
            <method name="get_GebruikerId" signature="()" line-rate="1" branch-rate="1" complexity="1">
              <lines>
                <line number="12" hits="74" branch="False" />
              </lines>
            </method>
            <method name="get_KavelId" signature="()" line-rate="1" branch-rate="1" complexity="1">
              <lines>
                <line number="13" hits="75" branch="False" />
              </lines>
            </method>
            <method name="get_Gebruiker" signature="()" line-rate="1" branch-rate="1" complexity="1">
              <lines>
                <line number="16" hits="59" branch="False" />
              </lines>
            </method>
            <method name="get_Kavel" signature="()" line-rate="1" branch-rate="1" complexity="1">
              <lines>
                <line number="17" hits="59" branch="False" />
              </lines>
            </method>
          </methods>
          <lines>
            <line number="5" hits="72" branch="False" />
            <line number="6" hits="84" branch="False" />
            <line number="7" hits="73" branch="False" />
            <line number="8" hits="83" branch="False" />
            <line number="9" hits="72" branch="False" />
            <line number="12" hits="74" branch="False" />
            <line number="13" hits="75" branch="False" />
            <line number="16" hits="59" branch="False" />
            <line number="17" hits="59" branch="False" />
          </lines>
        </class>
        <class name="Veiling.Server.Models.Gebruiker" filename="Models\Gebruiker.cs" line-rate="1" branch-rate="1" complexity="6">
          <methods>
            <method name="get_Name" signature="()" line-rate="1" branch-rate="1" complexity="1">
              <lines>
                <line number="8" hits="153" branch="False" />
              </lines>
            </method>
            <method name="get_Bedrijfsbeheerder" signature="()" line-rate="1" branch-rate="1" complexity="1">
              <lines>
                <line number="9" hits="85" branch="False" />
              </lines>
            </method>
            <method name="get_Geverifieerd" signature="()" line-rate="1" branch-rate="1" complexity="1">
              <lines>
                <line number="10" hits="84" branch="False" />
              </lines>
            </method>
            <method name="get_BedrijfId" signature="()" line-rate="1" branch-rate="1" complexity="1">
              <lines>
                <line number="13" hits="84" branch="False" />
              </lines>
            </method>
            <method name="get_Bedrijf" signature="()" line-rate="1" branch-rate="1" complexity="1">
              <lines>
                <line number="16" hits="72" branch="False" />
              </lines>
            </method>
            <method name="get_Boden" signature="()" line-rate="1" branch-rate="1" complexity="1">
              <lines>
                <line number="20" hits="76" branch="False" />
              </lines>
            </method>
          </methods>
          <lines>
            <line number="8" hits="153" branch="False" />
            <line number="9" hits="85" branch="False" />
            <line number="10" hits="84" branch="False" />
            <line number="13" hits="84" branch="False" />
            <line number="16" hits="72" branch="False" />
            <line number="20" hits="76" branch="False" />
          </lines>
        </class>
        <class name="Veiling.Server.Models.Kavel" filename="Models\Kavel.cs" line-rate="1" branch-rate="1" complexity="27">
          <methods>
            <method name="get_Id" signature="()" line-rate="1" branch-rate="1" complexity="1">
              <lines>
                <line number="7" hits="89" branch="False" />
              </lines>
            </method>
            <method name="get_Naam" signature="()" line-rate="1" branch-rate="1" complexity="1">
              <lines>
                <line number="8" hits="108" branch="False" />
              </lines>
            </method>
            <method name="get_Beschrijving" signature="()" line-rate="1" branch-rate="1" complexity="1">
              <lines>
                <line number="9" hits="106" branch="False" />
              </lines>
            </method>
            <method name="get_ArtikelKenmerken" signature="()" line-rate="1" branch-rate="1" complexity="1">
              <lines>
                <line number="10" hits="103" branch="False" />
              </lines>
            </method>
            <method name="get_GekochteContainers" signature="()" line-rate="1" branch-rate="1" complexity="1">
              <lines>
                <line number="11" hits="57" branch="False" />
              </lines>
            </method>
            <method name="get_MinimumPrijs" signature="()" line-rate="1" branch-rate="1" complexity="1">
              <lines>
                <line number="12" hits="70" branch="False" />
              </lines>
            </method>
            <method name="get_MaximumPrijs" signature="()" line-rate="1" branch-rate="1" complexity="1">
              <lines>
                <line number="13" hits="70" branch="False" />
              </lines>
            </method>
            <method name="get_GekochtPrijs" signature="()" line-rate="1" branch-rate="1" complexity="1">
              <lines>
                <line number="14" hits="57" branch="False" />
              </lines>
            </method>
            <method name="get_Minimumhoeveelheid" signature="()" line-rate="1" branch-rate="1" complexity="1">
              <lines>
                <line number="15" hits="68" branch="False" />
              </lines>
            </method>
            <method name="get_Foto" signature="()" line-rate="1" branch-rate="1" complexity="1">
              <lines>
                <line number="16" hits="103" branch="False" />
              </lines>
            </method>
            <method name="get_Kavelkleur" signature="()" line-rate="1" branch-rate="1" complexity="1">
              <lines>
                <line number="17" hits="106" branch="False" />
              </lines>
            </method>
            <method name="get_Karnummer" signature="()" line-rate="1" branch-rate="1" complexity="1">
              <lines>
                <line number="18" hits="68" branch="False" />
              </lines>
            </method>
            <method name="get_Rijnummer" signature="()" line-rate="1" branch-rate="1" complexity="1">
              <lines>
                <line number="19" hits="68" branch="False" />
              </lines>
            </method>
            <method name="get_HoeveelheidContainers" signature="()" line-rate="1" branch-rate="1" complexity="1">
              <lines>
                <line number="20" hits="70" branch="False" />
              </lines>
            </method>
            <method name="get_AantalProductenPerContainer" signature="()" line-rate="1" branch-rate="1" complexity="1">
              <lines>
                <line number="21" hits="67" branch="False" />
              </lines>
            </method>
            <method name="get_LengteVanBloemen" signature="()" line-rate="1" branch-rate="1" complexity="1">
              <lines>
                <line number="22" hits="68" branch="False" />
              </lines>
            </method>
            <method name="get_GewichtVanBloemen" signature="()" line-rate="1" branch-rate="1" complexity="1">
              <lines>
                <line number="23" hits="67" branch="False" />
              </lines>
            </method>
            <method name="get_StageOfMaturity" signature="()" line-rate="1" branch-rate="1" complexity="1">
              <lines>
                <line number="24" hits="103" branch="False" />
              </lines>
            </method>
            <method name="get_NgsCode" signature="()" line-rate="1" branch-rate="1" complexity="1">
              <lines>
                <line number="25" hits="70" branch="False" />
              </lines>
            </method>
            <method name="get_Keurcode" signature="()" line-rate="1" branch-rate="1" complexity="1">
              <lines>
                <line number="26" hits="104" branch="False" />
              </lines>
            </method>
            <method name="get_Fustcode" signature="()" line-rate="1" branch-rate="1" complexity="1">
              <lines>
                <line number="27" hits="67" branch="False" />
              </lines>
            </method>
            <method name="get_GeldPerTickCode" signature="()" line-rate="1" branch-rate="1" complexity="1">
              <lines>
                <line number="28" hits="103" branch="False" />
              </lines>
            </method>
            <method name="get_VeilingId" signature="()" line-rate="1" branch-rate="1" complexity="1">
              <lines>
                <line number="31" hits="59" branch="False" />
              </lines>
            </method>
            <method name="get_LeverancierId" signature="()" line-rate="1" branch-rate="1" complexity="1">
              <lines>
                <line number="32" hits="67" branch="False" />
              </lines>
            </method>
            <method name="get_Veiling" signature="()" line-rate="1" branch-rate="1" complexity="1">
              <lines>
                <line number="36" hits="10" branch="False" />
              </lines>
            </method>
            <method name="get_Leverancier" signature="()" line-rate="1" branch-rate="1" complexity="1">
              <lines>
                <line number="38" hits="10" branch="False" />
              </lines>
            </method>
            <method name="get_Boden" signature="()" line-rate="1" branch-rate="1" complexity="1">
              <lines>
                <line number="40" hits="46" branch="False" />
              </lines>
            </method>
          </methods>
          <lines>
            <line number="7" hits="89" branch="False" />
            <line number="8" hits="108" branch="False" />
            <line number="9" hits="106" branch="False" />
            <line number="10" hits="103" branch="False" />
            <line number="11" hits="57" branch="False" />
            <line number="12" hits="70" branch="False" />
            <line number="13" hits="70" branch="False" />
            <line number="14" hits="57" branch="False" />
            <line number="15" hits="68" branch="False" />
            <line number="16" hits="103" branch="False" />
            <line number="17" hits="106" branch="False" />
            <line number="18" hits="68" branch="False" />
            <line number="19" hits="68" branch="False" />
            <line number="20" hits="70" branch="False" />
            <line number="21" hits="67" branch="False" />
            <line number="22" hits="68" branch="False" />
            <line number="23" hits="67" branch="False" />
            <line number="24" hits="103" branch="False" />
            <line number="25" hits="70" branch="False" />
            <line number="26" hits="104" branch="False" />
            <line number="27" hits="67" branch="False" />
            <line number="28" hits="103" branch="False" />
            <line number="31" hits="59" branch="False" />
            <line number="32" hits="67" branch="False" />
            <line number="36" hits="10" branch="False" />
            <line number="38" hits="10" branch="False" />
            <line number="40" hits="46" branch="False" />
          </lines>
        </class>
        <class name="Veiling.Server.Models.Leverancier" filename="Models\Leverancier.cs" line-rate="1" branch-rate="1" complexity="5">
          <methods>
            <method name="get_Id" signature="()" line-rate="1" branch-rate="1" complexity="1">
              <lines>
                <line number="7" hits="85" branch="False" />
              </lines>
            </method>
            <method name="get_IndexOfReliabilityOfInformation" signature="()" line-rate="1" branch-rate="1" complexity="1">
              <lines>
                <line number="8" hits="113" branch="False" />
              </lines>
            </method>
            <method name="get_BedrijfId" signature="()" line-rate="1" branch-rate="1" complexity="1">
              <lines>
                <line number="10" hits="72" branch="False" />
              </lines>
            </method>
            <method name="get_Bedrijf" signature="()" line-rate="1" branch-rate="1" complexity="1">
              <lines>
                <line number="13" hits="71" branch="False" />
              </lines>
            </method>
            <method name="get_Kavels" signature="()" line-rate="1" branch-rate="1" complexity="1">
              <lines>
                <line number="15" hits="51" branch="False" />
              </lines>
            </method>
          </methods>
          <lines>
            <line number="7" hits="85" branch="False" />
            <line number="8" hits="113" branch="False" />
            <line number="10" hits="72" branch="False" />
            <line number="13" hits="71" branch="False" />
            <line number="15" hits="51" branch="False" />
          </lines>
        </class>
        <class name="Veiling.Server.Models.Locatie" filename="Models\Locatie.cs" line-rate="1" branch-rate="1" complexity="5">
          <methods>
            <method name="get_Id" signature="()" line-rate="1" branch-rate="1" complexity="1">
              <lines>
                <line number="7" hits="1" branch="False" />
              </lines>
            </method>
            <method name="get_Naam" signature="()" line-rate="1" branch-rate="1" complexity="1">
              <lines>
                <line number="8" hits="2" branch="False" />
              </lines>
            </method>
            <method name="get_KlokId" signature="()" line-rate="1" branch-rate="1" complexity="1">
              <lines>
                <line number="9" hits="2" branch="False" />
              </lines>
            </method>
            <method name="get_Actief" signature="()" line-rate="1" branch-rate="1" complexity="1">
              <lines>
                <line number="10" hits="2" branch="False" />
              </lines>
            </method>
            <method name="get_Veilingen" signature="()" line-rate="1" branch-rate="1" complexity="1">
              <lines>
                <line number="14" hits="1" branch="False" />
              </lines>
            </method>
          </methods>
          <lines>
            <line number="7" hits="1" branch="False" />
            <line number="8" hits="2" branch="False" />
            <line number="9" hits="2" branch="False" />
            <line number="10" hits="2" branch="False" />
            <line number="14" hits="1" branch="False" />
          </lines>
        </class>
        <class name="Veiling.Server.Models.Veiling" filename="Models\Veiling.cs" line-rate="1" branch-rate="1" complexity="11">
          <methods>
            <method name="get_Id" signature="()" line-rate="1" branch-rate="1" complexity="1">
              <lines>
                <line number="7" hits="41" branch="False" />
              </lines>
            </method>
            <method name="get_Naam" signature="()" line-rate="1" branch-rate="1" complexity="1">
              <lines>
                <line number="8" hits="58" branch="False" />
              </lines>
            </method>
            <method name="get_Klokduur" signature="()" line-rate="1" branch-rate="1" complexity="1">
              <lines>
                <line number="9" hits="34" branch="False" />
              </lines>
            </method>
            <method name="get_StartTijd" signature="()" line-rate="1" branch-rate="1" complexity="1">
              <lines>
                <line number="10" hits="34" branch="False" />
              </lines>
            </method>
            <method name="get_EndTijd" signature="()" line-rate="1" branch-rate="1" complexity="1">
              <lines>
                <line number="11" hits="36" branch="False" />
              </lines>
            </method>
            <method name="get_GeldPerTickCode" signature="()" line-rate="1" branch-rate="1" complexity="1">
              <lines>
                <line number="12" hits="34" branch="False" />
              </lines>
            </method>
            <method name="get_VeilingmeesterId" signature="()" line-rate="1" branch-rate="1" complexity="1">
              <lines>
                <line number="14" hits="30" branch="False" />
              </lines>
            </method>
            <method name="get_LocatieId" signature="()" line-rate="1" branch-rate="1" complexity="1">
              <lines>
                <line number="15" hits="31" branch="False" />
              </lines>
            </method>
            <method name="get_Veilingmeester" signature="()" line-rate="1" branch-rate="1" complexity="1">
              <lines>
                <line number="18" hits="5" branch="False" />
              </lines>
            </method>
            <method name="get_Locatie" signature="()" line-rate="1" branch-rate="1" complexity="1">
              <lines>
                <line number="21" hits="5" branch="False" />
              </lines>
            </method>
            <method name="get_Kavels" signature="()" line-rate="1" branch-rate="1" complexity="1">
              <lines>
                <line number="24" hits="25" branch="False" />
              </lines>
            </method>
          </methods>
          <lines>
            <line number="7" hits="41" branch="False" />
            <line number="8" hits="58" branch="False" />
            <line number="9" hits="34" branch="False" />
            <line number="10" hits="34" branch="False" />
            <line number="11" hits="36" branch="False" />
            <line number="12" hits="34" branch="False" />
            <line number="14" hits="30" branch="False" />
            <line number="15" hits="31" branch="False" />
            <line number="18" hits="5" branch="False" />
            <line number="21" hits="5" branch="False" />
            <line number="24" hits="25" branch="False" />
          </lines>
        </class>
        <class name="Veiling.Server.Models.Veilingmeester" filename="Models\VeilingMeester.cs" line-rate="1" branch-rate="1" complexity="5">
          <methods>
            <method name="get_Id" signature="()" line-rate="1" branch-rate="1" complexity="1">
              <lines>
                <line number="5" hits="32" branch="False" />
              </lines>
            </method>
            <method name="get_AantalVeilingenBeheerd" signature="()" line-rate="1" branch-rate="1" complexity="1">
              <lines>
                <line number="6" hits="29" branch="False" />
              </lines>
            </method>
            <method name="get_GebruikerId" signature="()" line-rate="1" branch-rate="1" complexity="1">
              <lines>
                <line number="8" hits="27" branch="False" />
              </lines>
            </method>
            <method name="get_Gebruiker" signature="()" line-rate="1" branch-rate="1" complexity="1">
              <lines>
                <line number="9" hits="28" branch="False" />
              </lines>
            </method>
            <method name="get_Veilingen" signature="()" line-rate="1" branch-rate="1" complexity="1">
              <lines>
                <line number="11" hits="36" branch="False" />
              </lines>
            </method>
          </methods>
          <lines>
            <line number="5" hits="32" branch="False" />
            <line number="6" hits="29" branch="False" />
            <line number="8" hits="27" branch="False" />
            <line number="9" hits="28" branch="False" />
            <line number="11" hits="36" branch="False" />
          </lines>
        </class>
        <class name="Veiling.Server.Migrations.Identity" filename="Migrations\20251124204014_Identity.cs" line-rate="0" branch-rate="1" complexity="2">
          <methods>
            <method name="Up" signature="(Microsoft.EntityFrameworkCore.Migrations.MigrationBuilder)" line-rate="0" branch-rate="1" complexity="1">
              <lines>
                <line number="13" hits="0" branch="False" />
                <line number="14" hits="0" branch="False" />
                <line number="15" hits="0" branch="False" />
                <line number="16" hits="0" branch="False" />
                <line number="17" hits="0" branch="False" />
                <line number="18" hits="0" branch="False" />
                <line number="19" hits="0" branch="False" />
                <line number="20" hits="0" branch="False" />
                <line number="21" hits="0" branch="False" />
                <line number="22" hits="0" branch="False" />
                <line number="23" hits="0" branch="False" />
                <line number="24" hits="0" branch="False" />
                <line number="25" hits="0" branch="False" />
                <line number="26" hits="0" branch="False" />
                <line number="28" hits="0" branch="False" />
                <line number="29" hits="0" branch="False" />
                <line number="30" hits="0" branch="False" />
                <line number="31" hits="0" branch="False" />
                <line number="32" hits="0" branch="False" />
                <line number="33" hits="0" branch="False" />
                <line number="34" hits="0" branch="False" />
                <line number="35" hits="0" branch="False" />
                <line number="36" hits="0" branch="False" />
                <line number="37" hits="0" branch="False" />
                <line number="38" hits="0" branch="False" />
                <line number="39" hits="0" branch="False" />
                <line number="40" hits="0" branch="False" />
                <line number="42" hits="0" branch="False" />
                <line number="43" hits="0" branch="False" />
                <line number="44" hits="0" branch="False" />
                <line number="45" hits="0" branch="False" />
                <line number="46" hits="0" branch="False" />
                <line number="47" hits="0" branch="False" />
                <line number="48" hits="0" branch="False" />
                <line number="49" hits="0" branch="False" />
                <line number="50" hits="0" branch="False" />
                <line number="51" hits="0" branch="False" />
                <line number="52" hits="0" branch="False" />
                <line number="53" hits="0" branch="False" />
                <line number="54" hits="0" branch="False" />
                <line number="55" hits="0" branch="False" />
                <line number="57" hits="0" branch="False" />
                <line number="58" hits="0" branch="False" />
                <line number="59" hits="0" branch="False" />
                <line number="60" hits="0" branch="False" />
                <line number="61" hits="0" branch="False" />
                <line number="62" hits="0" branch="False" />
                <line number="63" hits="0" branch="False" />
                <line number="64" hits="0" branch="False" />
                <line number="65" hits="0" branch="False" />
                <line number="66" hits="0" branch="False" />
                <line number="67" hits="0" branch="False" />
                <line number="68" hits="0" branch="False" />
                <line number="69" hits="0" branch="False" />
                <line number="70" hits="0" branch="False" />
                <line number="71" hits="0" branch="False" />
                <line number="72" hits="0" branch="False" />
                <line number="73" hits="0" branch="False" />
                <line number="74" hits="0" branch="False" />
                <line number="75" hits="0" branch="False" />
                <line number="76" hits="0" branch="False" />
                <line number="78" hits="0" branch="False" />
                <line number="79" hits="0" branch="False" />
                <line number="80" hits="0" branch="False" />
                <line number="81" hits="0" branch="False" />
                <line number="82" hits="0" branch="False" />
                <line number="83" hits="0" branch="False" />
                <line number="84" hits="0" branch="False" />
                <line number="85" hits="0" branch="False" />
                <line number="86" hits="0" branch="False" />
                <line number="87" hits="0" branch="False" />
                <line number="88" hits="0" branch="False" />
                <line number="89" hits="0" branch="False" />
                <line number="90" hits="0" branch="False" />
                <line number="91" hits="0" branch="False" />
                <line number="92" hits="0" branch="False" />
                <line number="93" hits="0" branch="False" />
                <line number="94" hits="0" branch="False" />
                <line number="95" hits="0" branch="False" />
                <line number="96" hits="0" branch="False" />
                <line number="97" hits="0" branch="False" />
                <line number="98" hits="0" branch="False" />
                <line number="99" hits="0" branch="False" />
                <line number="100" hits="0" branch="False" />
                <line number="101" hits="0" branch="False" />
                <line number="102" hits="0" branch="False" />
                <line number="103" hits="0" branch="False" />
                <line number="104" hits="0" branch="False" />
                <line number="105" hits="0" branch="False" />
                <line number="106" hits="0" branch="False" />
                <line number="107" hits="0" branch="False" />
                <line number="108" hits="0" branch="False" />
                <line number="109" hits="0" branch="False" />
                <line number="110" hits="0" branch="False" />
                <line number="111" hits="0" branch="False" />
                <line number="113" hits="0" branch="False" />
                <line number="114" hits="0" branch="False" />
                <line number="115" hits="0" branch="False" />
                <line number="116" hits="0" branch="False" />
                <line number="117" hits="0" branch="False" />
                <line number="118" hits="0" branch="False" />
                <line number="119" hits="0" branch="False" />
                <line number="120" hits="0" branch="False" />
                <line number="121" hits="0" branch="False" />
                <line number="122" hits="0" branch="False" />
                <line number="123" hits="0" branch="False" />
                <line number="124" hits="0" branch="False" />
                <line number="125" hits="0" branch="False" />
                <line number="126" hits="0" branch="False" />
                <line number="127" hits="0" branch="False" />
                <line number="128" hits="0" branch="False" />
                <line number="129" hits="0" branch="False" />
                <line number="130" hits="0" branch="False" />
                <line number="131" hits="0" branch="False" />
                <line number="133" hits="0" branch="False" />
                <line number="134" hits="0" branch="False" />
                <line number="135" hits="0" branch="False" />
                <line number="136" hits="0" branch="False" />
                <line number="137" hits="0" branch="False" />
                <line number="138" hits="0" branch="False" />
                <line number="139" hits="0" branch="False" />
                <line number="140" hits="0" branch="False" />
                <line number="141" hits="0" branch="False" />
                <line number="142" hits="0" branch="False" />
                <line number="143" hits="0" branch="False" />
                <line number="144" hits="0" branch="False" />
                <line number="145" hits="0" branch="False" />
                <line number="146" hits="0" branch="False" />
                <line number="147" hits="0" branch="False" />
                <line number="148" hits="0" branch="False" />
                <line number="149" hits="0" branch="False" />
                <line number="150" hits="0" branch="False" />
                <line number="151" hits="0" branch="False" />
                <line number="152" hits="0" branch="False" />
                <line number="154" hits="0" branch="False" />
                <line number="155" hits="0" branch="False" />
                <line number="156" hits="0" branch="False" />
                <line number="157" hits="0" branch="False" />
                <line number="158" hits="0" branch="False" />
                <line number="159" hits="0" branch="False" />
                <line number="160" hits="0" branch="False" />
                <line number="161" hits="0" branch="False" />
                <line number="162" hits="0" branch="False" />
                <line number="163" hits="0" branch="False" />
                <line number="164" hits="0" branch="False" />
                <line number="165" hits="0" branch="False" />
                <line number="166" hits="0" branch="False" />
                <line number="167" hits="0" branch="False" />
                <line number="168" hits="0" branch="False" />
                <line number="169" hits="0" branch="False" />
                <line number="170" hits="0" branch="False" />
                <line number="171" hits="0" branch="False" />
                <line number="172" hits="0" branch="False" />
                <line number="174" hits="0" branch="False" />
                <line number="175" hits="0" branch="False" />
                <line number="176" hits="0" branch="False" />
                <line number="177" hits="0" branch="False" />
                <line number="178" hits="0" branch="False" />
                <line number="179" hits="0" branch="False" />
                <line number="180" hits="0" branch="False" />
                <line number="181" hits="0" branch="False" />
                <line number="182" hits="0" branch="False" />
                <line number="183" hits="0" branch="False" />
                <line number="184" hits="0" branch="False" />
                <line number="185" hits="0" branch="False" />
                <line number="186" hits="0" branch="False" />
                <line number="187" hits="0" branch="False" />
                <line number="188" hits="0" branch="False" />
                <line number="189" hits="0" branch="False" />
                <line number="190" hits="0" branch="False" />
                <line number="191" hits="0" branch="False" />
                <line number="192" hits="0" branch="False" />
                <line number="193" hits="0" branch="False" />
                <line number="194" hits="0" branch="False" />
                <line number="195" hits="0" branch="False" />
                <line number="196" hits="0" branch="False" />
                <line number="198" hits="0" branch="False" />
                <line number="199" hits="0" branch="False" />
                <line number="200" hits="0" branch="False" />
                <line number="201" hits="0" branch="False" />
                <line number="202" hits="0" branch="False" />
                <line number="203" hits="0" branch="False" />
                <line number="204" hits="0" branch="False" />
                <line number="205" hits="0" branch="False" />
                <line number="206" hits="0" branch="False" />
                <line number="207" hits="0" branch="False" />
                <line number="208" hits="0" branch="False" />
                <line number="209" hits="0" branch="False" />
                <line number="210" hits="0" branch="False" />
                <line number="211" hits="0" branch="False" />
                <line number="212" hits="0" branch="False" />
                <line number="213" hits="0" branch="False" />
                <line number="214" hits="0" branch="False" />
                <line number="215" hits="0" branch="False" />
                <line number="216" hits="0" branch="False" />
                <line number="218" hits="0" branch="False" />
                <line number="219" hits="0" branch="False" />
                <line number="220" hits="0" branch="False" />
                <line number="221" hits="0" branch="False" />
                <line number="222" hits="0" branch="False" />
                <line number="223" hits="0" branch="False" />
                <line number="224" hits="0" branch="False" />
                <line number="225" hits="0" branch="False" />
                <line number="226" hits="0" branch="False" />
                <line number="227" hits="0" branch="False" />
                <line number="228" hits="0" branch="False" />
                <line number="229" hits="0" branch="False" />
                <line number="230" hits="0" branch="False" />
                <line number="231" hits="0" branch="False" />
                <line number="232" hits="0" branch="False" />
                <line number="233" hits="0" branch="False" />
                <line number="234" hits="0" branch="False" />
                <line number="235" hits="0" branch="False" />
                <line number="236" hits="0" branch="False" />
                <line number="238" hits="0" branch="False" />
[...]
              <conditions>
                <condition number="551" type="jump" coverage="50%" />
              </conditions>
            </line>
            <line number="42" hits="0" branch="False" />
            <line number="43" hits="0" branch="False" />
            <line number="46" hits="1" branch="False" />
            <line number="47" hits="1" branch="False" />
          </lines>
        </class>
        <class name="Veiling.Server.Controllers.VeilingenController/&lt;GetVeilingen&gt;d__2" filename="Controllers\VeilingenController.cs" line-rate="1" branch-rate="1" complexity="1">
          <methods>
            <method name="MoveNext" signature="()" line-rate="1" branch-rate="1" complexity="1">
              <lines>
                <line number="21" hits="1" branch="False" />
                <line number="22" hits="1" branch="False" />
                <line number="23" hits="1" branch="False" />
                <line number="24" hits="1" branch="False" />
                <line number="25" hits="1" branch="False" />
                <line number="26" hits="1" branch="False" />
                <line number="27" hits="1" branch="False" />
                <line number="28" hits="1" branch="False" />
              </lines>
            </method>
          </methods>
          <lines>
            <line number="21" hits="1" branch="False" />
            <line number="22" hits="1" branch="False" />
            <line number="23" hits="1" branch="False" />
            <line number="24" hits="1" branch="False" />
            <line number="25" hits="1" branch="False" />
            <line number="26" hits="1" branch="False" />
            <line number="27" hits="1" branch="False" />
            <line number="28" hits="1" branch="False" />
          </lines>
        </class>
        <class name="Veiling.Server.Controllers.VeilingenController/&lt;GetVeilingenByLocatie&gt;d__5" filename="Controllers\VeilingenController.cs" line-rate="0" branch-rate="1" complexity="1">
          <methods>
            <method name="MoveNext" signature="()" line-rate="0" branch-rate="1" complexity="1">
              <lines>
                <line number="66" hits="0" branch="False" />
                <line number="67" hits="0" branch="False" />
                <line number="68" hits="0" branch="False" />
                <line number="69" hits="0" branch="False" />
                <line number="70" hits="0" branch="False" />
                <line number="71" hits="0" branch="False" />
                <line number="72" hits="0" branch="False" />
                <line number="73" hits="0" branch="False" />
                <line number="74" hits="0" branch="False" />
              </lines>
            </method>
          </methods>
          <lines>
            <line number="66" hits="0" branch="False" />
            <line number="67" hits="0" branch="False" />
            <line number="68" hits="0" branch="False" />
            <line number="69" hits="0" branch="False" />
            <line number="70" hits="0" branch="False" />
            <line number="71" hits="0" branch="False" />
            <line number="72" hits="0" branch="False" />
            <line number="73" hits="0" branch="False" />
            <line number="74" hits="0" branch="False" />
          </lines>
        </class>
        <class name="Veiling.Server.Controllers.VeilingenController/&lt;UpdateVeiling&gt;d__7" filename="Controllers\VeilingenController.cs" line-rate="0.5" branch-rate="0.25" complexity="4">
          <methods>
            <method name="MoveNext" signature="()" line-rate="0.5" branch-rate="0.25" complexity="4">
              <lines>
                <line number="89" hits="1" branch="False" />
                <line number="90" hits="1" branch="True" condition-coverage="50% (1/2)">
                  <conditions>
                    <condition number="39" type="jump" coverage="50%" />
                  </conditions>
                </line>
                <line number="91" hits="0" branch="False" />
                <line number="92" hits="0" branch="False" />
                <line number="95" hits="1" branch="False" />
                <line number="98" hits="1" branch="False" />
                <line number="99" hits="1" branch="False" />
                <line number="100" hits="1" branch="False" />
                <line number="101" hits="0" branch="False" />
                <line number="102" hits="0" branch="False" />
                <line number="103" hits="0" branch="True" condition-coverage="0% (0/2)">
                  <conditions>
                    <condition number="233" type="jump" coverage="0%" />
                  </conditions>
                </line>
                <line number="104" hits="0" branch="False" />
                <line number="105" hits="0" branch="False" />
                <line number="107" hits="0" branch="False" />
                <line number="110" hits="1" branch="False" />
                <line number="111" hits="1" branch="False" />
              </lines>
            </method>
          </methods>
          <lines>
            <line number="89" hits="1" branch="False" />
            <line number="90" hits="1" branch="True" condition-coverage="50% (1/2)">
              <conditions>
                <condition number="39" type="jump" coverage="50%" />
              </conditions>
            </line>
            <line number="91" hits="0" branch="False" />
            <line number="92" hits="0" branch="False" />
            <line number="95" hits="1" branch="False" />
            <line number="98" hits="1" branch="False" />
            <line number="99" hits="1" branch="False" />
            <line number="100" hits="1" branch="False" />
            <line number="101" hits="0" branch="False" />
            <line number="102" hits="0" branch="False" />
            <line number="103" hits="0" branch="True" condition-coverage="0% (0/2)">
              <conditions>
                <condition number="233" type="jump" coverage="0%" />
              </conditions>
            </line>
            <line number="104" hits="0" branch="False" />
            <line number="105" hits="0" branch="False" />
            <line number="107" hits="0" branch="False" />
            <line number="110" hits="1" branch="False" />
            <line number="111" hits="1" branch="False" />
          </lines>
        </class>
        <class name="Veiling.Server.Controllers.VeilingmeestersController" filename="Controllers\VeilingmeesterController.cs" line-rate="0.5714" branch-rate="1" complexity="2">
          <methods>
            <method name="VeilingmeesterExists" signature="(System.Int32)" line-rate="0" branch-rate="1" complexity="1">
              <lines>
                <line number="99" hits="0" branch="False" />
                <line number="100" hits="0" branch="False" />
                <line number="101" hits="0" branch="False" />
              </lines>
            </method>
            <method name=".ctor" signature="(IAppDbContext)" line-rate="1" branch-rate="1" complexity="1">
              <lines>
                <line number="13" hits="6" branch="False" />
                <line number="14" hits="6" branch="False" />
                <line number="15" hits="6" branch="False" />
                <line number="16" hits="6" branch="False" />
              </lines>
            </method>
          </methods>
          <lines>
            <line number="99" hits="0" branch="False" />
            <line number="100" hits="0" branch="False" />
            <line number="101" hits="0" branch="False" />
            <line number="13" hits="6" branch="False" />
            <line number="14" hits="6" branch="False" />
            <line number="15" hits="6" branch="False" />
            <line number="16" hits="6" branch="False" />
          </lines>
        </class>
        <class name="Veiling.Server.Controllers.VeilingmeestersController/&lt;CreateVeilingmeester&gt;d__4" filename="Controllers\VeilingmeesterController.cs" line-rate="1" branch-rate="1" complexity="1">
          <methods>
            <method name="MoveNext" signature="()" line-rate="1" branch-rate="1" complexity="1">
              <lines>
                <line number="48" hits="3" branch="False" />
                <line number="49" hits="3" branch="False" />
                <line number="50" hits="3" branch="False" />
                <line number="52" hits="3" branch="False" />
                <line number="53" hits="3" branch="False" />
              </lines>
            </method>
          </methods>
          <lines>
            <line number="48" hits="3" branch="False" />
            <line number="49" hits="3" branch="False" />
            <line number="50" hits="3" branch="False" />
            <line number="52" hits="3" branch="False" />
            <line number="53" hits="3" branch="False" />
          </lines>
        </class>
        <class name="Veiling.Server.Controllers.VeilingmeestersController/&lt;DeleteVeilingmeester&gt;d__6" filename="Controllers\VeilingmeesterController.cs" line-rate="0" branch-rate="0" complexity="2">
          <methods>
            <method name="MoveNext" signature="()" line-rate="0" branch-rate="0" complexity="2">
              <lines>
                <line number="85" hits="0" branch="False" />
                <line number="86" hits="0" branch="False" />
                <line number="87" hits="0" branch="True" condition-coverage="0% (0/2)">
                  <conditions>
                    <condition number="198" type="jump" coverage="0%" />
                  </conditions>
                </line>
                <line number="88" hits="0" branch="False" />
                <line number="89" hits="0" branch="False" />
                <line number="92" hits="0" branch="False" />
                <line number="93" hits="0" branch="False" />
                <line number="95" hits="0" branch="False" />
                <line number="96" hits="0" branch="False" />
              </lines>
            </method>
          </methods>
          <lines>
            <line number="85" hits="0" branch="False" />
            <line number="86" hits="0" branch="False" />
            <line number="87" hits="0" branch="True" condition-coverage="0% (0/2)">
              <conditions>
                <condition number="198" type="jump" coverage="0%" />
              </conditions>
            </line>
            <line number="88" hits="0" branch="False" />
            <line number="89" hits="0" branch="False" />
            <line number="92" hits="0" branch="False" />
            <line number="93" hits="0" branch="False" />
            <line number="95" hits="0" branch="False" />
            <line number="96" hits="0" branch="False" />
          </lines>
        </class>
        <class name="Veiling.Server.Controllers.VeilingmeestersController/&lt;GetVeilingmeester&gt;d__3" filename="Controllers\VeilingmeesterController.cs" line-rate="0.8" branch-rate="0.5" complexity="2">
          <methods>
            <method name="MoveNext" signature="()" line-rate="0.8" branch-rate="0.5" complexity="2">
              <lines>
                <line number="31" hits="2" branch="False" />
                <line number="32" hits="2" branch="False" />
                <line number="33" hits="2" branch="False" />
                <line number="34" hits="2" branch="False" />
                <line number="35" hits="2" branch="False" />
                <line number="37" hits="2" branch="True" condition-coverage="50% (1/2)">
                  <conditions>
                    <condition number="427" type="jump" coverage="50%" />
                  </conditions>
                </line>
                <line number="38" hits="0" branch="False" />
                <line number="39" hits="0" branch="False" />
                <line number="42" hits="2" branch="False" />
                <line number="43" hits="2" branch="False" />
              </lines>
            </method>
          </methods>
          <lines>
            <line number="31" hits="2" branch="False" />
            <line number="32" hits="2" branch="False" />
            <line number="33" hits="2" branch="False" />
            <line number="34" hits="2" branch="False" />
            <line number="35" hits="2" branch="False" />
            <line number="37" hits="2" branch="True" condition-coverage="50% (1/2)">
              <conditions>
                <condition number="427" type="jump" coverage="50%" />
              </conditions>
            </line>
            <line number="38" hits="0" branch="False" />
            <line number="39" hits="0" branch="False" />
            <line number="42" hits="2" branch="False" />
            <line number="43" hits="2" branch="False" />
          </lines>
        </class>
        <class name="Veiling.Server.Controllers.VeilingmeestersController/&lt;GetVeilingmeesters&gt;d__2" filename="Controllers\VeilingmeesterController.cs" line-rate="0" branch-rate="1" complexity="1">
          <methods>
            <method name="MoveNext" signature="()" line-rate="0" branch-rate="1" complexity="1">
              <lines>
                <line number="21" hits="0" branch="False" />
                <line number="22" hits="0" branch="False" />
                <line number="23" hits="0" branch="False" />
                <line number="24" hits="0" branch="False" />
                <line number="25" hits="0" branch="False" />
                <line number="26" hits="0" branch="False" />
              </lines>
            </method>
          </methods>
          <lines>
            <line number="21" hits="0" branch="False" />
            <line number="22" hits="0" branch="False" />
            <line number="23" hits="0" branch="False" />
            <line number="24" hits="0" branch="False" />
            <line number="25" hits="0" branch="False" />
            <line number="26" hits="0" branch="False" />
          </lines>
        </class>
        <class name="Veiling.Server.Controllers.VeilingmeestersController/&lt;UpdateVeilingmeester&gt;d__5" filename="Controllers\VeilingmeesterController.cs" line-rate="0.5" branch-rate="0.25" complexity="4">
          <methods>
            <method name="MoveNext" signature="()" line-rate="0.5" branch-rate="0.25" complexity="4">
              <lines>
                <line number="58" hits="1" branch="False" />
                <line number="59" hits="1" branch="True" condition-coverage="50% (1/2)">
                  <conditions>
                    <condition number="39" type="jump" coverage="50%" />
                  </conditions>
                </line>
                <line number="60" hits="0" branch="False" />
                <line number="61" hits="0" branch="False" />
                <line number="64" hits="1" branch="False" />
                <line number="67" hits="1" branch="False" />
                <line number="68" hits="1" branch="False" />
                <line number="69" hits="1" branch="False" />
                <line number="70" hits="0" branch="False" />
                <line number="71" hits="0" branch="False" />
                <line number="72" hits="0" branch="True" condition-coverage="0% (0/2)">
                  <conditions>
                    <condition number="233" type="jump" coverage="0%" />
                  </conditions>
                </line>
                <line number="73" hits="0" branch="False" />
                <line number="74" hits="0" branch="False" />
                <line number="76" hits="0" branch="False" />
                <line number="79" hits="1" branch="False" />
                <line number="80" hits="1" branch="False" />
              </lines>
            </method>
          </methods>
          <lines>
            <line number="58" hits="1" branch="False" />
            <line number="59" hits="1" branch="True" condition-coverage="50% (1/2)">
              <conditions>
                <condition number="39" type="jump" coverage="50%" />
              </conditions>
            </line>
            <line number="60" hits="0" branch="False" />
            <line number="61" hits="0" branch="False" />
            <line number="64" hits="1" branch="False" />
            <line number="67" hits="1" branch="False" />
            <line number="68" hits="1" branch="False" />
            <line number="69" hits="1" branch="False" />
            <line number="70" hits="0" branch="False" />
            <line number="71" hits="0" branch="False" />
            <line number="72" hits="0" branch="True" condition-coverage="0% (0/2)">
              <conditions>
                <condition number="233" type="jump" coverage="0%" />
              </conditions>
            </line>
            <line number="73" hits="0" branch="False" />
            <line number="74" hits="0" branch="False" />
            <line number="76" hits="0" branch="False" />
            <line number="79" hits="1" branch="False" />
            <line number="80" hits="1" branch="False" />
          </lines>
        </class>
        <class name="Veiling.Server.Controllers.WeatherForecastController" filename="Controllers\WeatherForecastController.cs" line-rate="1" branch-rate="1" complexity="3">
          <methods>
            <method name="Get" signature="()" line-rate="1" branch-rate="1" complexity="1">
              <lines>
                <line number="23" hits="1" branch="False" />
                <line number="24" hits="6" branch="False" />
                <line number="25" hits="6" branch="False" />
                <line number="26" hits="6" branch="False" />
                <line number="27" hits="6" branch="False" />
                <line number="28" hits="6" branch="False" />
                <line number="29" hits="6" branch="False" />
                <line number="30" hits="1" branch="False" />
                <line number="31" hits="1" branch="False" />
              </lines>
            </method>
            <method name=".ctor" signature="(Microsoft.Extensions.Logging.ILogger`1&lt;Veiling.Server.Controllers.WeatherForecastController&gt;)" line-rate="1" branch-rate="1" complexity="1">
              <lines>
                <line number="16" hits="1" branch="False" />
                <line number="17" hits="1" branch="False" />
                <line number="18" hits="1" branch="False" />
                <line number="19" hits="1" branch="False" />
              </lines>
            </method>
            <method name=".cctor" signature="()" line-rate="1" branch-rate="1" complexity="1">
              <lines>
                <line number="9" hits="1" branch="False" />
                <line number="10" hits="1" branch="False" />
                <line number="11" hits="1" branch="False" />
                <line number="12" hits="1" branch="False" />
              </lines>
            </method>
          </methods>
          <lines>
            <line number="23" hits="1" branch="False" />
            <line number="24" hits="6" branch="False" />
            <line number="25" hits="6" branch="False" />
            <line number="26" hits="6" branch="False" />
            <line number="27" hits="6" branch="False" />
            <line number="28" hits="6" branch="False" />
            <line number="29" hits="6" branch="False" />
            <line number="30" hits="1" branch="False" />
            <line number="31" hits="1" branch="False" />
            <line number="16" hits="1" branch="False" />
            <line number="17" hits="1" branch="False" />
            <line number="18" hits="1" branch="False" />
            <line number="19" hits="1" branch="False" />
            <line number="9" hits="1" branch="False" />
            <line number="10" hits="1" branch="False" />
            <line number="11" hits="1" branch="False" />
            <line number="12" hits="1" branch="False" />
          </lines>
        </class>
      </classes>
    </package>
  </packages>
</coverage>